<?xml version="1.0" encoding="UTF-8"?>
<Site BuildName="Linux-c++"
	BuildStamp="20240211-0816-Experimental"
	Name="asus"
	Generator="ctest-3.28.1"
	CompilerName="/usr/bin/c++"
	CompilerVersion="11.4.0"
	OSName="Linux"
	Hostname="asus"
	OSRelease="6.5.0-17-generic"
	OSVersion="#17~22.04.1-Ubuntu SMP PREEMPT_DYNAMIC Tue Jan 16 14:32:32 UTC 2"
	OSPlatform="x86_64"
	Is64Bits="1"
	VendorString="GenuineIntel"
	VendorID="Intel Corporation"
	FamilyID="6"
	ModelID="58"
	ProcessorCacheSize="3072"
	NumberOfLogicalCPU="4"
	NumberOfPhysicalCPU="2"
	TotalVirtualMemory="976"
	TotalPhysicalMemory="7378"
	LogicalProcessorsPerPhysical="2"
	ProcessorClockFrequency="2893.32"
	>
	<Testing>
		<StartDateTime>Feb 11 09:32 GMT</StartDateTime>
		<StartTestTime>1707643973</StartTestTime>
		<TestList/>
		<EndDateTime>Feb 11 09:32 GMT</EndDateTime>
		<EndTestTime>1707643973</EndTestTime>
		<ElapsedMinutes>0</ElapsedMinutes>
	</Testing>
</Site>
